core/tts/build/intermediates/manifest_merge_blame_file/debug/processDebugManifest/manifest-merger-blame-debug-report.txt
1<?xml version="1.0" encoding="utf-8"?>
2<manifest xmlns:android="http://schemas.android.com/apk/res/android"
3    package="com.epubaudioreader.core.tts" >
4
5    <uses-sdk android:minSdkVersion="26" />
6
7    <!-- Permissoes necessarias para download de modelos TTS -->
8    <uses-permission android:name="android.permission.INTERNET" />
8-->src/main/AndroidManifest.xml:5:5-67
8-->src/main/AndroidManifest.xml:5:22-64
9    <uses-permission android:name="android.permission.ACCESS_NETWORK_STATE" />
9-->src/main/AndroidManifest.xml:6:5-79
9-->src/main/AndroidManifest.xml:6:22-76
10
11</manifest>